# Parmanand Sports Academy - Full System Status
Sun Jul  6 15:26:48 UTC 2025

## PHASE 0: PROJECT FOUNDATION
✅ Repository setup (GitHub: PSA-Nashik-App)
✅ Folder structure initialized
✅ TypeScript configured for all projects
✅ PostgreSQL schema designed

## PHASE 1: AUTHENTICATION
✅ Phone OTP verification
✅ JWT token generation
✅ Redis session management
✅ Mobile auth UI (4 screens)

## PHASE 2: STUDENT MANAGEMENT  
✅ Digital student cards with QR
✅ Multi-step registration flow
✅ Photo upload handling
✅ Batch assignment logic

## PHASE 3: ATTENDANCE SYSTEM
✅ GPS-based check-in
✅ Streak calculation
✅ Coach marking interface
✅ Student dashboard

## TECHNICAL INFRASTRUCTURE
✅ CI/CD Pipeline (GitHub Actions)
✅ Error Tracking (Sentry)
✅ API Documentation (Swagger)

## PENDING ITEMS
- Phase 4 Fee Management
- Razorpay Integration
- Admin Analytics
- WhatsApp Automation

EOF > /workspace/parmanand-sports-academy/docs/progress/full_status.log
# Parmanand Sports Academy - Full System Status
Sun Jul  6 15:26:48 UTC 2025

## PHASE 0: PROJECT FOUNDATION
✅ Repository setup (GitHub: PSA-Nashik-App)
✅ Folder structure initialized
✅ TypeScript configured for all projects
✅ PostgreSQL schema designed

## PHASE 1: AUTHENTICATION
✅ Phone OTP verification
✅ JWT token generation
✅ Redis session management
✅ Mobile auth UI (4 screens)

## PHASE 2: STUDENT MANAGEMENT  
✅ Digital student cards with QR
✅ Multi-step registration flow
✅ Photo upload handling
✅ Batch assignment logic

## PHASE 3: ATTENDANCE SYSTEM
✅ GPS-based check-in
✅ Streak calculation
✅ Coach marking interface
✅ Student dashboard

## TECHNICAL INFRASTRUCTURE
✅ CI/CD Pipeline (GitHub Actions)
✅ Error Tracking (Sentry)
✅ API Documentation (Swagger)

## PENDING ITEMS
- Phase 4 Fee Management
- Razorpay Integration
- Admin Analytics
- WhatsApp Automation

