

PSA Nashik App - Phase 7 Implementation Log
Last Updated: 2025-07-06 19:45 UTC

=== COMPLETED TASKS ===
[✓] Razorpay Payment Integration
- Implemented payment processing
- Added success/failure handlers
- Tested with sandbox environment

[✓] WhatsApp Notification System
- Configured Business API integration
- Implemented template messaging
- Added validation and error handling

[🟡] Admin Dashboard
- Created module structure
- Implemented analytics service skeleton
- Added protected controller endpoints

=== PENDING TASKS ===
[ ] Admin Dashboard Completion
- Data aggregation logic
- Chart.js integration
- Frontend components

[ ] Testing
- Payment flow integration tests
- Notification service tests

=== TECHNICAL DEBT ===
- API response standardization
- Test coverage expansion
- Offline sync implementation

=== NEXT STEPS ===
1. Complete analytics queries
2. Implement visualization
3. Build admin UI components
4. Conduct integration testing

