# Parmanand Sports Academy - Development Progress
Sun Jul  6 15:17:08 UTC 2025

## COMPLETED IN PHASE 3:
- Attendance controller with GPS validation  
- Streak calculation algorithm
- Attendance report generation  
- TypeScript type fixes for repositories
- Route handler signature updates

## PENDING:
- Final integration testing  
- Coach dashboard UI polish
- Offline sync functionality  
- Performance optimization

## NEXT STEPS:
1. Complete integration tests  
2. Polish mobile UI animations  
3. Implement offline sync queue  
EOF > /workspace/progress.log
# Parmanand Sports Academy - Development Progress
Sun Jul  6 15:17:08 UTC 2025

## COMPLETED IN PHASE 3:
- Attendance controller with GPS validation  
- Streak calculation algorithm
- Attendance report generation  
- TypeScript type fixes for repositories
- Route handler signature updates

## PENDING:
- Final integration testing  
- Coach dashboard UI polish
- Offline sync functionality  
- Performance optimization

## NEXT STEPS:
1. Complete integration tests  
2. Polish mobile UI animations  
3. Implement offline sync queue  
